
ROM used:   740/32768 (2%)
            740/32768 (2%) including unused fragments

            0.7 Average locations per line
            19.0 Average locations per statement

RAM used:   44/2048 (2%) at main() level
            57/2048 (3%) worst case

Stack used: 3 worst case (1 in main + 2 for interrupts)
Stack size: 31

Lines Stmts  %   Files
----- ----- ---  -----
  110    39 100  askisi6_2.c
   67     0   0  C:\Program Files (x86)\PICC\Devices\main_.h
  821     0   0  C:\Program Files (x86)\PICC\Devices\18F4550.h
----- -----
  998    39 Total

Page ROM  %  RAM   Vol Diff  Functions:
---- --- --- ---   --- ----  ----------
0    106   7    0    27  1.0  main
0     14   1    0    33  1.3  ext_int1
0    276  19    8   740  7.0  timer0_int
0     66   4    5             @DIV1616
0     30   2    5             @MUL1616
0     42   3    3   338  2.8  @DIV88
0     48   3    0   333  2.8  init
 Inline         0             @cinit1

Program metrics:
    Functions               5
    Statements              39
    Comments                204
    Volume (V)              1977
    Difficulty (D)          15.6
    Effort to implement (E) 30801
    Time to implement (T)   29 minutes
    Est Delivered Bugs (B)  0
    Cyclomatic Complexity   4
    Maintainability (MI)    84

 Segment     Used  Free
-----------  ----  ----
00000-00002     4  0  
00004-00006     0  4  
00008-000A0   154  0  
000A2-07FFE   582  32024  



