
ROM used:   140/32768 (0%)
            140/32768 (0%) including unused fragments

            0.2 Average locations per line
            7.4 Average locations per statement

RAM used:   5/2048 (0%) at main() level
            10/2048 (0%) worst case

Stack used: 1 worst case (1 in main + 0 for interrupts)
Stack size: 31

Lines Stmts  %   Files
----- ----- ---  -----
   45    19 100  askisi2_3.c
   67     0   0  C:\Program Files (x86)\PICC\Devices\main_.h
  821     0   0  C:\Program Files (x86)\PICC\Devices\18F4550.h
----- -----
  933    19 Total

Page ROM  %  RAM   Vol Diff  Functions:
---- --- --- ---   --- ----  ----------
0     72  26    5   256  7.0  checkDigits
0     64  23    1   257  4.1  MAIN
 Inline         0             @cinit1

Program metrics:
    Functions               2
    Statements              19
    Comments                178
    Volume (V)              617
    Difficulty (D)          10.8
    Effort to implement (E) 6632
    Time to implement (T)   6 minutes
    Est Delivered Bugs (B)  0
    Cyclomatic Complexity   3
    Maintainability (MI)    149

 Segment     Used  Free
-----------  ----  ----
00000-00002     4  0  
00004-07FFE   136  32628  



