
ROM used:   46/32768 (0%)
            46/32768 (0%) including unused fragments

            0.1 Average locations per line
            7.7 Average locations per statement

RAM used:   4/2048 (0%) at main() level
            4/2048 (0%) worst case

Stack used: 0 worst case (0 in main + 0 for interrupts)
Stack size: 31

Lines Stmts  %   Files
----- ----- ---  -----
   29     6 100  A.c
   67     0   0  C:\Program Files (x86)\PICC\Devices\main_.h
  821     0   0  C:\Program Files (x86)\PICC\Devices\18F4550.h
----- -----
  917     6 Total

Page ROM  %  RAM   Vol Diff  Functions:
---- --- --- ---   --- ----  ----------
0     42  46    0   121  2.6  main
 Inline         0             @cinit1

Program metrics:
    Functions               1
    Statements              6
    Comments                178
    Volume (V)              123
    Difficulty (D)          2.4
    Effort to implement (E) 295
    Time to implement (T)   0 minutes
    Est Delivered Bugs (B)  0
    Cyclomatic Complexity   1
    Maintainability (MI)    165

 Segment     Used  Free
-----------  ----  ----
00000-00002     4  0  
00004-07FFE    42  32722  



