
ROM used:   300/32768 (1%)
            300/32768 (1%) including unused fragments

            0.3 Average locations per line
            13.6 Average locations per statement

RAM used:   25/2048 (1%) at main() level
            25/2048 (1%) worst case

Stack used: 2 worst case (1 in main + 1 for interrupts)
Stack size: 31

Lines Stmts  %   Files
----- ----- ---  -----
   73    22 100  askisi3_3.c
   67     0   0  C:\Program Files (x86)\PICC\Devices\main_.h
  821     0   0  C:\Program Files (x86)\PICC\Devices\18F4550.h
----- -----
  961    22 Total

Page ROM  %  RAM   Vol Diff  Functions:
---- --- --- ---   --- ----  ----------
0     44   7    1             @delay_ms1
0     46   8    1   136  3.0  main
0     12   2    0    38  1.4  ext_int
0     12   2    0    38  1.4  ext_int2
0     28   5    0   181  1.8  init
 Inline         0   280  2.3  @cinit1

Program metrics:
    Functions               5
    Statements              22
    Comments                194
    Volume (V)              983
    Difficulty (D)          10.3
    Effort to implement (E) 10153
    Time to implement (T)   9 minutes
    Est Delivered Bugs (B)  0
    Cyclomatic Complexity   1
    Maintainability (MI)    108

 Segment     Used  Free
-----------  ----  ----
00000-00002     4  0  
00004-00006     0  4  
00008-000A0   154  0  
000A2-07FFE   142  32464  



