
ROM used:   774/32768 (2%)
            774/32768 (2%) including unused fragments

            0.7 Average locations per line
            8.2 Average locations per statement

RAM used:   48/2048 (2%) at main() level
            59/2048 (3%) worst case

Stack used: 3 worst case (1 in main + 2 for interrupts)
Stack size: 31

Lines Stmts  %   Files
----- ----- ---  -----
  157    94 100  ask5_2.c
   67     0   0  C:\Program Files (x86)\PICC\Devices\main_.h
  821     0   0  C:\Program Files (x86)\PICC\Devices\18F4550.h
----- -----
 1045    94 Total

Page ROM  %  RAM   Vol Diff  Functions:
---- --- --- ---   --- ----  ----------
0    116   7    0    27  1.0  main
0    386  25    8  2320  8.4  timer0_int
0     40   3    3             @DIV88
0     30   2    5             @MUL1616
0     56   4    0   370  2.4  init
 Inline         0             @cinit1

Program metrics:
    Functions               3
    Statements              94
    Comments                186
    Volume (V)              3056
    Difficulty (D)          12.4
    Effort to implement (E) 37918
    Time to implement (T)   35 minutes
    Est Delivered Bugs (B)  0
    Cyclomatic Complexity   20
    Maintainability (MI)    60

 Segment     Used  Free
-----------  ----  ----
00000-00002     4  0  
00004-00006     0  4  
00008-00094   142  0  
00096-07FFE   628  31990  



