
ROM used:   1070/32768 (3%)
            1070/32768 (3%) including unused fragments

            0.9 Average locations per line
            10.0 Average locations per statement

RAM used:   165/2048 (8%) at main() level
            176/2048 (9%) worst case

Stack used: 5 worst case (5 in main + 0 for interrupts)
Stack size: 31

Lines Stmts  %   Files
----- ----- ---  -----
  110    63  59  ask7_1_solved.c
   67     0   0  C:\Program Files (x86)\PICC\Devices\main_.h
  821     0   0  C:\Program Files (x86)\PICC\Devices\18F4550.h
  144    44  41  flex_lcd_sim.h
----- -----
 1142   107 Total

Page ROM  %  RAM   Vol Diff  Functions:
---- --- --- ---   --- ----  ----------
0     44   2    1             @delay_ms1
0     20   1    0             @const634
0     80   4    1   326  2.8  lcd_send_nibble
0     60   3    3   211  3.8  lcd_send_byte
0     92   4    2   406  4.7  lcd_init
0     34   2    4   186  5.5  lcd_gotoxy
0     66   3    1   272  4.1  lcd_putc
0    632  30    1  2245  8.3  MAIN
0      2   0    0             @const670
0     32   1    2             @PSTRINGC_646
0      2   0    0             @const672
0      2   0    0             @const673
 Inline         0             @cinit1

Program metrics:
    Functions               6
    Statements              107
    Comments                211
    Volume (V)              4884
    Difficulty (D)          28.5
    Effort to implement (E) 139406
    Time to implement (T)   2 hours, 9 minutes
    Est Delivered Bugs (B)  1
    Cyclomatic Complexity   16
    Maintainability (MI)    101

 Segment     Used  Free
-----------  ----  ----
00000-00002     4  0  
00004-07FFE  1066  31698  



