
ROM used:   36/32768 (0%)
            36/32768 (0%) including unused fragments

            0.0 Average locations per line
            7.2 Average locations per statement

RAM used:   4/2048 (0%) at main() level
            4/2048 (0%) worst case

Stack used: 0 worst case (0 in main + 0 for interrupts)
Stack size: 31

Lines Stmts  %   Files
----- ----- ---  -----
   19     5 100  Askisi1.c
   67     0   0  C:\Program Files (x86)\PICC\devices\main_.h
  821     0   0  C:\Program Files (x86)\PICC\devices\18F4550.h
----- -----
  907     5 Total

Page ROM  %  RAM   Vol Diff  Functions:
---- --- --- ---   --- ----  ----------
0     32  44    0    69  1.9  main
 Inline         0   318  6.5  @cinit1

Program metrics:
    Functions               2
    Statements              5
    Comments                159
    Volume (V)              448
    Difficulty (D)          8.5
    Effort to implement (E) 3789
    Time to implement (T)   4 minutes
    Est Delivered Bugs (B)  0
    Cyclomatic Complexity   2
    Maintainability (MI)    175

 Segment     Used  Free
-----------  ----  ----
00000-00002     4  0  
00004-07FFE    32  32732  



