
ROM used:   290/32768 (1%)
            290/32768 (1%) including unused fragments

            0.3 Average locations per line
            13.8 Average locations per statement

RAM used:   22/2048 (1%) at main() level
            25/2048 (1%) worst case

Stack used: 3 worst case (1 in main + 2 for interrupts)
Stack size: 31

Lines Stmts  %   Files
----- ----- ---  -----
   57    21 100  Askisi4a.c
   67     0   0  C:\Program Files (x86)\PICC\Devices\main_.h
  821     0   0  C:\Program Files (x86)\PICC\Devices\18F4550.h
----- -----
  945    21 Total

Page ROM  %  RAM   Vol Diff  Functions:
---- --- --- ---   --- ----  ----------
0     44   8    1             @delay_ms1
0     24   4    0    27  1.0  main
0     22   4    0   127  2.2  init
0     54   9    2   156  3.1  eksoteriki_diakopi1
 Inline         0   163  3.5  @cinit1

Program metrics:
    Functions               4
    Statements              21
    Comments                175
    Volume (V)              675
    Difficulty (D)          10.0
    Effort to implement (E) 6770
    Time to implement (T)   6 minutes
    Est Delivered Bugs (B)  0
    Cyclomatic Complexity   2
    Maintainability (MI)    81

 Segment     Used  Free
-----------  ----  ----
00000-00002     4  0  
00004-00006     0  4  
00008-00094   142  0  
00096-07FFE   144  32474  



