
ROM used:   1130/32768 (3%)
            1130/32768 (3%) including unused fragments

            1.0 Average locations per line
            9.3 Average locations per statement

RAM used:   29/2048 (1%) at main() level
            46/2048 (2%) worst case

Stack used: 6 worst case (5 in main + 1 for interrupts)
Stack size: 31

Lines Stmts  %   Files
----- ----- ---  -----
  121    78  64  ask7_2_solved.c
   67     0   0  C:\Program Files (x86)\PICC\Devices\main_.h
  821     0   0  C:\Program Files (x86)\PICC\Devices\18F4550.h
  144    44  36  flex_lcd_sim.h
----- -----
 1153   122 Total

Page ROM  %  RAM   Vol Diff  Functions:
---- --- --- ---   --- ----  ----------
0     44   2    1             @delay_ms1
0     30   1    0             @const634
0     80   4    1   326  2.8  lcd_send_nibble
0     60   3    3   211  3.8  lcd_send_byte
0     94   4    2   406  4.7  lcd_init
0     34   2    4   186  5.5  lcd_gotoxy
0     66   3    1   272  4.1  lcd_putc
0    116   5    0   219  3.0  MAIN
0      8   0    0             @const667
0     34   2    2             @PSTRINGC_646
0     40   2    3             @DIV88
0    170   8    6             @PRINTF_D0_646
0    156   7    2  1406  5.4  timer0_int
0     52   2    0   310  2.3  init
 Inline         0             @cinit1

Program metrics:
    Functions               8
    Statements              122
    Comments                217
    Volume (V)              4976
    Difficulty (D)          30.9
    Effort to implement (E) 153821
    Time to implement (T)   2 hours, 22 minutes
    Est Delivered Bugs (B)  1
    Cyclomatic Complexity   23
    Maintainability (MI)    142

 Segment     Used  Free
-----------  ----  ----
00000-00002     4  0  
00004-00006     0  4  
00008-00094   142  0  
00096-07FFE   984  31634  



